[08-Jun-2022 11:09:04 UTC] PHP Deprecated:  Required parameter $field follows optional parameter $post_id in /Applications/XAMPP/xamppfiles/htdocs/Wordpress_Demo/demo_wordpress/wp-content/plugins/advanced-custom-fields-pro/includes/api/api-value.php on line 270
[08-Jun-2022 11:09:04 UTC] PHP Deprecated:  Required parameter $field follows optional parameter $value in /Applications/XAMPP/xamppfiles/htdocs/Wordpress_Demo/demo_wordpress/wp-content/plugins/advanced-custom-fields-pro/includes/api/api-value.php on line 398
[08-Jun-2022 11:09:04 UTC] PHP Deprecated:  Required parameter $field follows optional parameter $post_id in /Applications/XAMPP/xamppfiles/htdocs/Wordpress_Demo/demo_wordpress/wp-content/plugins/advanced-custom-fields-pro/includes/api/api-value.php on line 483
[08-Jun-2022 11:09:04 UTC] PHP Deprecated:  Required parameter $data follows optional parameter $key in /Applications/XAMPP/xamppfiles/htdocs/Wordpress_Demo/demo_wordpress/wp-content/plugins/advanced-custom-fields-pro/includes/cache.php on line 399
[08-Jun-2022 11:09:04 UTC] PHP Deprecated:  Required parameter $value follows optional parameter $key in /Applications/XAMPP/xamppfiles/htdocs/Wordpress_Demo/demo_wordpress/wp-content/plugins/advanced-custom-fields-pro/includes/ajax/class-acf-ajax.php on line 99
[08-Jun-2022 11:09:04 UTC] PHP Deprecated:  Required parameter $field follows optional parameter $i in /Applications/XAMPP/xamppfiles/htdocs/Wordpress_Demo/demo_wordpress/wp-content/plugins/advanced-custom-fields-pro/pro/fields/class-acf-field-repeater.php on line 715
[08-Jun-2022 11:09:04 UTC] PHP Deprecated:  Required parameter $post_id follows optional parameter $i in /Applications/XAMPP/xamppfiles/htdocs/Wordpress_Demo/demo_wordpress/wp-content/plugins/advanced-custom-fields-pro/pro/fields/class-acf-field-repeater.php on line 715
[08-Jun-2022 11:09:04 UTC] PHP Deprecated:  Required parameter $field follows optional parameter $i in /Applications/XAMPP/xamppfiles/htdocs/Wordpress_Demo/demo_wordpress/wp-content/plugins/advanced-custom-fields-pro/pro/fields/class-acf-field-repeater.php on line 781
[08-Jun-2022 11:09:04 UTC] PHP Deprecated:  Required parameter $post_id follows optional parameter $i in /Applications/XAMPP/xamppfiles/htdocs/Wordpress_Demo/demo_wordpress/wp-content/plugins/advanced-custom-fields-pro/pro/fields/class-acf-field-repeater.php on line 781
[08-Jun-2022 11:09:04 UTC] PHP Deprecated:  Required parameter $field follows optional parameter $name in /Applications/XAMPP/xamppfiles/htdocs/Wordpress_Demo/demo_wordpress/wp-content/plugins/advanced-custom-fields-pro/pro/fields/class-acf-field-flexible-content.php on line 1052
[08-Jun-2022 11:09:04 UTC] PHP Deprecated:  Required parameter $field follows optional parameter $i in /Applications/XAMPP/xamppfiles/htdocs/Wordpress_Demo/demo_wordpress/wp-content/plugins/advanced-custom-fields-pro/pro/fields/class-acf-field-flexible-content.php on line 1088
[08-Jun-2022 11:09:04 UTC] PHP Deprecated:  Required parameter $post_id follows optional parameter $i in /Applications/XAMPP/xamppfiles/htdocs/Wordpress_Demo/demo_wordpress/wp-content/plugins/advanced-custom-fields-pro/pro/fields/class-acf-field-flexible-content.php on line 1088
[08-Jun-2022 11:09:04 UTC] PHP Deprecated:  Required parameter $field follows optional parameter $i in /Applications/XAMPP/xamppfiles/htdocs/Wordpress_Demo/demo_wordpress/wp-content/plugins/advanced-custom-fields-pro/pro/fields/class-acf-field-flexible-content.php on line 1140
[08-Jun-2022 11:09:04 UTC] PHP Deprecated:  Required parameter $post_id follows optional parameter $i in /Applications/XAMPP/xamppfiles/htdocs/Wordpress_Demo/demo_wordpress/wp-content/plugins/advanced-custom-fields-pro/pro/fields/class-acf-field-flexible-content.php on line 1140
[08-Jun-2022 11:09:04 UTC] PHP Deprecated:  Required parameter $field follows optional parameter $id in /Applications/XAMPP/xamppfiles/htdocs/Wordpress_Demo/demo_wordpress/wp-content/plugins/advanced-custom-fields-pro/pro/fields/class-acf-field-gallery.php on line 300
[08-Jun-2022 11:09:05 UTC] PHP Fatal error:  Uncaught TypeError: ftp_mkdir(): Argument #1 ($ftp) must be of type resource, null given in /Applications/XAMPP/xamppfiles/htdocs/Wordpress_Demo/demo_wordpress/wp-admin/includes/class-wp-filesystem-ftpext.php:560
Stack trace:
#0 /Applications/XAMPP/xamppfiles/htdocs/Wordpress_Demo/demo_wordpress/wp-admin/includes/class-wp-filesystem-ftpext.php(560): ftp_mkdir(NULL, '/Applications/X...')
#1 /Applications/XAMPP/xamppfiles/htdocs/Wordpress_Demo/demo_wordpress/wp-content/themes/botiga/inc/classes/class-botiga-custom-css.php(1141): WP_Filesystem_FTPext->mkdir('/Applications/X...')
#2 /Applications/XAMPP/xamppfiles/htdocs/Wordpress_Demo/demo_wordpress/wp-content/themes/botiga/inc/classes/class-botiga-custom-css.php(1115): Botiga_Custom_CSS->update_custom_css_file()
#3 /Applications/XAMPP/xamppfiles/htdocs/Wordpress_Demo/demo_wordpress/wp-includes/class-wp-hook.php(307): Botiga_Custom_CSS->init('')
#4 /Applications/XAMPP/xamppfiles/htdocs/Wordpress_Demo/demo_wordpress/wp-includes/class-wp-hook.php(331): WP_Hook->apply_filters(NULL, Array)
#5 /Applications/XAMPP/xamppfiles/htdocs/Wordpress_Demo/demo_wordpress/wp-includes/plugin.php(474): WP_Hook->do_action(Array)
#6 /Applications/XAMPP/xamppfiles/htdocs/Wordpress_Demo/demo_wordpress/wp-settings.php(587): do_action('init')
#7 /Applications/XAMPP/xamppfiles/htdocs/Wordpress_Demo/demo_wordpress/wp-config.php(98): require_once('/Applications/X...')
#8 /Applications/XAMPP/xamppfiles/htdocs/Wordpress_Demo/demo_wordpress/wp-load.php(50): require_once('/Applications/X...')
#9 /Applications/XAMPP/xamppfiles/htdocs/Wordpress_Demo/demo_wordpress/wp-admin/admin.php(34): require_once('/Applications/X...')
#10 /Applications/XAMPP/xamppfiles/htdocs/Wordpress_Demo/demo_wordpress/wp-admin/themes.php(10): require_once('/Applications/X...')
#11 {main}
  thrown in /Applications/XAMPP/xamppfiles/htdocs/Wordpress_Demo/demo_wordpress/wp-admin/includes/class-wp-filesystem-ftpext.php on line 560
[08-Jun-2022 11:09:05 UTC] PHP Deprecated:  Required parameter $field follows optional parameter $post_id in /Applications/XAMPP/xamppfiles/htdocs/Wordpress_Demo/demo_wordpress/wp-content/plugins/advanced-custom-fields-pro/includes/api/api-value.php on line 270
[08-Jun-2022 11:09:05 UTC] PHP Deprecated:  Required parameter $field follows optional parameter $value in /Applications/XAMPP/xamppfiles/htdocs/Wordpress_Demo/demo_wordpress/wp-content/plugins/advanced-custom-fields-pro/includes/api/api-value.php on line 398
[08-Jun-2022 11:09:05 UTC] PHP Deprecated:  Required parameter $field follows optional parameter $post_id in /Applications/XAMPP/xamppfiles/htdocs/Wordpress_Demo/demo_wordpress/wp-content/plugins/advanced-custom-fields-pro/includes/api/api-value.php on line 483
[08-Jun-2022 11:09:05 UTC] PHP Deprecated:  Required parameter $data follows optional parameter $key in /Applications/XAMPP/xamppfiles/htdocs/Wordpress_Demo/demo_wordpress/wp-content/plugins/advanced-custom-fields-pro/includes/cache.php on line 399
[08-Jun-2022 11:09:05 UTC] PHP Deprecated:  Required parameter $value follows optional parameter $key in /Applications/XAMPP/xamppfiles/htdocs/Wordpress_Demo/demo_wordpress/wp-content/plugins/advanced-custom-fields-pro/includes/ajax/class-acf-ajax.php on line 99
[08-Jun-2022 11:09:05 UTC] PHP Deprecated:  Required parameter $field follows optional parameter $i in /Applications/XAMPP/xamppfiles/htdocs/Wordpress_Demo/demo_wordpress/wp-content/plugins/advanced-custom-fields-pro/pro/fields/class-acf-field-repeater.php on line 715
[08-Jun-2022 11:09:05 UTC] PHP Deprecated:  Required parameter $post_id follows optional parameter $i in /Applications/XAMPP/xamppfiles/htdocs/Wordpress_Demo/demo_wordpress/wp-content/plugins/advanced-custom-fields-pro/pro/fields/class-acf-field-repeater.php on line 715
[08-Jun-2022 11:09:05 UTC] PHP Deprecated:  Required parameter $field follows optional parameter $i in /Applications/XAMPP/xamppfiles/htdocs/Wordpress_Demo/demo_wordpress/wp-content/plugins/advanced-custom-fields-pro/pro/fields/class-acf-field-repeater.php on line 781
[08-Jun-2022 11:09:05 UTC] PHP Deprecated:  Required parameter $post_id follows optional parameter $i in /Applications/XAMPP/xamppfiles/htdocs/Wordpress_Demo/demo_wordpress/wp-content/plugins/advanced-custom-fields-pro/pro/fields/class-acf-field-repeater.php on line 781
[08-Jun-2022 11:09:05 UTC] PHP Deprecated:  Required parameter $field follows optional parameter $name in /Applications/XAMPP/xamppfiles/htdocs/Wordpress_Demo/demo_wordpress/wp-content/plugins/advanced-custom-fields-pro/pro/fields/class-acf-field-flexible-content.php on line 1052
[08-Jun-2022 11:09:05 UTC] PHP Deprecated:  Required parameter $field follows optional parameter $i in /Applications/XAMPP/xamppfiles/htdocs/Wordpress_Demo/demo_wordpress/wp-content/plugins/advanced-custom-fields-pro/pro/fields/class-acf-field-flexible-content.php on line 1088
[08-Jun-2022 11:09:05 UTC] PHP Deprecated:  Required parameter $post_id follows optional parameter $i in /Applications/XAMPP/xamppfiles/htdocs/Wordpress_Demo/demo_wordpress/wp-content/plugins/advanced-custom-fields-pro/pro/fields/class-acf-field-flexible-content.php on line 1088
[08-Jun-2022 11:09:05 UTC] PHP Deprecated:  Required parameter $field follows optional parameter $i in /Applications/XAMPP/xamppfiles/htdocs/Wordpress_Demo/demo_wordpress/wp-content/plugins/advanced-custom-fields-pro/pro/fields/class-acf-field-flexible-content.php on line 1140
[08-Jun-2022 11:09:05 UTC] PHP Deprecated:  Required parameter $post_id follows optional parameter $i in /Applications/XAMPP/xamppfiles/htdocs/Wordpress_Demo/demo_wordpress/wp-content/plugins/advanced-custom-fields-pro/pro/fields/class-acf-field-flexible-content.php on line 1140
[08-Jun-2022 11:09:05 UTC] PHP Deprecated:  Required parameter $field follows optional parameter $id in /Applications/XAMPP/xamppfiles/htdocs/Wordpress_Demo/demo_wordpress/wp-content/plugins/advanced-custom-fields-pro/pro/fields/class-acf-field-gallery.php on line 300
[08-Jun-2022 11:09:05 UTC] PHP Fatal error:  Uncaught TypeError: ftp_mkdir(): Argument #1 ($ftp) must be of type resource, null given in /Applications/XAMPP/xamppfiles/htdocs/Wordpress_Demo/demo_wordpress/wp-admin/includes/class-wp-filesystem-ftpext.php:560
Stack trace:
#0 /Applications/XAMPP/xamppfiles/htdocs/Wordpress_Demo/demo_wordpress/wp-admin/includes/class-wp-filesystem-ftpext.php(560): ftp_mkdir(NULL, '/Applications/X...')
#1 /Applications/XAMPP/xamppfiles/htdocs/Wordpress_Demo/demo_wordpress/wp-content/themes/botiga/inc/classes/class-botiga-custom-css.php(1141): WP_Filesystem_FTPext->mkdir('/Applications/X...')
#2 /Applications/XAMPP/xamppfiles/htdocs/Wordpress_Demo/demo_wordpress/wp-content/themes/botiga/inc/classes/class-botiga-custom-css.php(1115): Botiga_Custom_CSS->update_custom_css_file()
#3 /Applications/XAMPP/xamppfiles/htdocs/Wordpress_Demo/demo_wordpress/wp-includes/class-wp-hook.php(307): Botiga_Custom_CSS->init('')
#4 /Applications/XAMPP/xamppfiles/htdocs/Wordpress_Demo/demo_wordpress/wp-includes/class-wp-hook.php(331): WP_Hook->apply_filters(NULL, Array)
#5 /Applications/XAMPP/xamppfiles/htdocs/Wordpress_Demo/demo_wordpress/wp-includes/plugin.php(474): WP_Hook->do_action(Array)
#6 /Applications/XAMPP/xamppfiles/htdocs/Wordpress_Demo/demo_wordpress/wp-settings.php(587): do_action('init')
#7 /Applications/XAMPP/xamppfiles/htdocs/Wordpress_Demo/demo_wordpress/wp-config.php(98): require_once('/Applications/X...')
#8 /Applications/XAMPP/xamppfiles/htdocs/Wordpress_Demo/demo_wordpress/wp-load.php(50): require_once('/Applications/X...')
#9 /Applications/XAMPP/xamppfiles/htdocs/Wordpress_Demo/demo_wordpress/wp-blog-header.php(13): require_once('/Applications/X...')
#10 /Applications/XAMPP/xamppfiles/htdocs/Wordpress_Demo/demo_wordpress/index.php(17): require('/Applications/X...')
#11 {main}
  thrown in /Applications/XAMPP/xamppfiles/htdocs/Wordpress_Demo/demo_wordpress/wp-admin/includes/class-wp-filesystem-ftpext.php on line 560
[08-Jun-2022 11:09:06 UTC] PHP Deprecated:  Required parameter $field follows optional parameter $post_id in /Applications/XAMPP/xamppfiles/htdocs/Wordpress_Demo/demo_wordpress/wp-content/plugins/advanced-custom-fields-pro/includes/api/api-value.php on line 270
[08-Jun-2022 11:09:06 UTC] PHP Deprecated:  Required parameter $field follows optional parameter $value in /Applications/XAMPP/xamppfiles/htdocs/Wordpress_Demo/demo_wordpress/wp-content/plugins/advanced-custom-fields-pro/includes/api/api-value.php on line 398
[08-Jun-2022 11:09:06 UTC] PHP Deprecated:  Required parameter $field follows optional parameter $post_id in /Applications/XAMPP/xamppfiles/htdocs/Wordpress_Demo/demo_wordpress/wp-content/plugins/advanced-custom-fields-pro/includes/api/api-value.php on line 483
[08-Jun-2022 11:09:06 UTC] PHP Deprecated:  Required parameter $data follows optional parameter $key in /Applications/XAMPP/xamppfiles/htdocs/Wordpress_Demo/demo_wordpress/wp-content/plugins/advanced-custom-fields-pro/includes/cache.php on line 399
[08-Jun-2022 11:09:06 UTC] PHP Deprecated:  Required parameter $value follows optional parameter $key in /Applications/XAMPP/xamppfiles/htdocs/Wordpress_Demo/demo_wordpress/wp-content/plugins/advanced-custom-fields-pro/includes/ajax/class-acf-ajax.php on line 99
[08-Jun-2022 11:09:06 UTC] PHP Deprecated:  Required parameter $field follows optional parameter $i in /Applications/XAMPP/xamppfiles/htdocs/Wordpress_Demo/demo_wordpress/wp-content/plugins/advanced-custom-fields-pro/pro/fields/class-acf-field-repeater.php on line 715
[08-Jun-2022 11:09:06 UTC] PHP Deprecated:  Required parameter $post_id follows optional parameter $i in /Applications/XAMPP/xamppfiles/htdocs/Wordpress_Demo/demo_wordpress/wp-content/plugins/advanced-custom-fields-pro/pro/fields/class-acf-field-repeater.php on line 715
[08-Jun-2022 11:09:06 UTC] PHP Deprecated:  Required parameter $field follows optional parameter $i in /Applications/XAMPP/xamppfiles/htdocs/Wordpress_Demo/demo_wordpress/wp-content/plugins/advanced-custom-fields-pro/pro/fields/class-acf-field-repeater.php on line 781
[08-Jun-2022 11:09:06 UTC] PHP Deprecated:  Required parameter $post_id follows optional parameter $i in /Applications/XAMPP/xamppfiles/htdocs/Wordpress_Demo/demo_wordpress/wp-content/plugins/advanced-custom-fields-pro/pro/fields/class-acf-field-repeater.php on line 781
[08-Jun-2022 11:09:06 UTC] PHP Deprecated:  Required parameter $field follows optional parameter $name in /Applications/XAMPP/xamppfiles/htdocs/Wordpress_Demo/demo_wordpress/wp-content/plugins/advanced-custom-fields-pro/pro/fields/class-acf-field-flexible-content.php on line 1052
[08-Jun-2022 11:09:06 UTC] PHP Deprecated:  Required parameter $field follows optional parameter $i in /Applications/XAMPP/xamppfiles/htdocs/Wordpress_Demo/demo_wordpress/wp-content/plugins/advanced-custom-fields-pro/pro/fields/class-acf-field-flexible-content.php on line 1088
[08-Jun-2022 11:09:06 UTC] PHP Deprecated:  Required parameter $post_id follows optional parameter $i in /Applications/XAMPP/xamppfiles/htdocs/Wordpress_Demo/demo_wordpress/wp-content/plugins/advanced-custom-fields-pro/pro/fields/class-acf-field-flexible-content.php on line 1088
[08-Jun-2022 11:09:06 UTC] PHP Deprecated:  Required parameter $field follows optional parameter $i in /Applications/XAMPP/xamppfiles/htdocs/Wordpress_Demo/demo_wordpress/wp-content/plugins/advanced-custom-fields-pro/pro/fields/class-acf-field-flexible-content.php on line 1140
[08-Jun-2022 11:09:06 UTC] PHP Deprecated:  Required parameter $post_id follows optional parameter $i in /Applications/XAMPP/xamppfiles/htdocs/Wordpress_Demo/demo_wordpress/wp-content/plugins/advanced-custom-fields-pro/pro/fields/class-acf-field-flexible-content.php on line 1140
[08-Jun-2022 11:09:06 UTC] PHP Deprecated:  Required parameter $field follows optional parameter $id in /Applications/XAMPP/xamppfiles/htdocs/Wordpress_Demo/demo_wordpress/wp-content/plugins/advanced-custom-fields-pro/pro/fields/class-acf-field-gallery.php on line 300
[08-Jun-2022 11:09:07 UTC] PHP Fatal error:  Uncaught TypeError: ftp_mkdir(): Argument #1 ($ftp) must be of type resource, null given in /Applications/XAMPP/xamppfiles/htdocs/Wordpress_Demo/demo_wordpress/wp-admin/includes/class-wp-filesystem-ftpext.php:560
Stack trace:
#0 /Applications/XAMPP/xamppfiles/htdocs/Wordpress_Demo/demo_wordpress/wp-admin/includes/class-wp-filesystem-ftpext.php(560): ftp_mkdir(NULL, '/Applications/X...')
#1 /Applications/XAMPP/xamppfiles/htdocs/Wordpress_Demo/demo_wordpress/wp-content/themes/botiga/inc/classes/class-botiga-custom-css.php(1141): WP_Filesystem_FTPext->mkdir('/Applications/X...')
#2 /Applications/XAMPP/xamppfiles/htdocs/Wordpress_Demo/demo_wordpress/wp-content/themes/botiga/inc/classes/class-botiga-custom-css.php(1115): Botiga_Custom_CSS->update_custom_css_file()
#3 /Applications/XAMPP/xamppfiles/htdocs/Wordpress_Demo/demo_wordpress/wp-includes/class-wp-hook.php(307): Botiga_Custom_CSS->init('')
#4 /Applications/XAMPP/xamppfiles/htdocs/Wordpress_Demo/demo_wordpress/wp-includes/class-wp-hook.php(331): WP_Hook->apply_filters(NULL, Array)
#5 /Applications/XAMPP/xamppfiles/htdocs/Wordpress_Demo/demo_wordpress/wp-includes/plugin.php(474): WP_Hook->do_action(Array)
#6 /Applications/XAMPP/xamppfiles/htdocs/Wordpress_Demo/demo_wordpress/wp-settings.php(587): do_action('init')
#7 /Applications/XAMPP/xamppfiles/htdocs/Wordpress_Demo/demo_wordpress/wp-config.php(98): require_once('/Applications/X...')
#8 /Applications/XAMPP/xamppfiles/htdocs/Wordpress_Demo/demo_wordpress/wp-load.php(50): require_once('/Applications/X...')
#9 /Applications/XAMPP/xamppfiles/htdocs/Wordpress_Demo/demo_wordpress/wp-admin/admin.php(34): require_once('/Applications/X...')
#10 /Applications/XAMPP/xamppfiles/htdocs/Wordpress_Demo/demo_wordpress/wp-admin/themes.php(10): require_once('/Applications/X...')
#11 {main}
  thrown in /Applications/XAMPP/xamppfiles/htdocs/Wordpress_Demo/demo_wordpress/wp-admin/includes/class-wp-filesystem-ftpext.php on line 560
[08-Jun-2022 11:09:07 UTC] PHP Deprecated:  Required parameter $field follows optional parameter $post_id in /Applications/XAMPP/xamppfiles/htdocs/Wordpress_Demo/demo_wordpress/wp-content/plugins/advanced-custom-fields-pro/includes/api/api-value.php on line 270
[08-Jun-2022 11:09:07 UTC] PHP Deprecated:  Required parameter $field follows optional parameter $value in /Applications/XAMPP/xamppfiles/htdocs/Wordpress_Demo/demo_wordpress/wp-content/plugins/advanced-custom-fields-pro/includes/api/api-value.php on line 398
[08-Jun-2022 11:09:07 UTC] PHP Deprecated:  Required parameter $field follows optional parameter $post_id in /Applications/XAMPP/xamppfiles/htdocs/Wordpress_Demo/demo_wordpress/wp-content/plugins/advanced-custom-fields-pro/includes/api/api-value.php on line 483
[08-Jun-2022 11:09:07 UTC] PHP Deprecated:  Required parameter $data follows optional parameter $key in /Applications/XAMPP/xamppfiles/htdocs/Wordpress_Demo/demo_wordpress/wp-content/plugins/advanced-custom-fields-pro/includes/cache.php on line 399
[08-Jun-2022 11:09:07 UTC] PHP Deprecated:  Required parameter $value follows optional parameter $key in /Applications/XAMPP/xamppfiles/htdocs/Wordpress_Demo/demo_wordpress/wp-content/plugins/advanced-custom-fields-pro/includes/ajax/class-acf-ajax.php on line 99
[08-Jun-2022 11:09:07 UTC] PHP Deprecated:  Required parameter $field follows optional parameter $i in /Applications/XAMPP/xamppfiles/htdocs/Wordpress_Demo/demo_wordpress/wp-content/plugins/advanced-custom-fields-pro/pro/fields/class-acf-field-repeater.php on line 715
[08-Jun-2022 11:09:07 UTC] PHP Deprecated:  Required parameter $post_id follows optional parameter $i in /Applications/XAMPP/xamppfiles/htdocs/Wordpress_Demo/demo_wordpress/wp-content/plugins/advanced-custom-fields-pro/pro/fields/class-acf-field-repeater.php on line 715
[08-Jun-2022 11:09:07 UTC] PHP Deprecated:  Required parameter $field follows optional parameter $i in /Applications/XAMPP/xamppfiles/htdocs/Wordpress_Demo/demo_wordpress/wp-content/plugins/advanced-custom-fields-pro/pro/fields/class-acf-field-repeater.php on line 781
[08-Jun-2022 11:09:07 UTC] PHP Deprecated:  Required parameter $post_id follows optional parameter $i in /Applications/XAMPP/xamppfiles/htdocs/Wordpress_Demo/demo_wordpress/wp-content/plugins/advanced-custom-fields-pro/pro/fields/class-acf-field-repeater.php on line 781
[08-Jun-2022 11:09:07 UTC] PHP Deprecated:  Required parameter $field follows optional parameter $name in /Applications/XAMPP/xamppfiles/htdocs/Wordpress_Demo/demo_wordpress/wp-content/plugins/advanced-custom-fields-pro/pro/fields/class-acf-field-flexible-content.php on line 1052
[08-Jun-2022 11:09:07 UTC] PHP Deprecated:  Required parameter $field follows optional parameter $i in /Applications/XAMPP/xamppfiles/htdocs/Wordpress_Demo/demo_wordpress/wp-content/plugins/advanced-custom-fields-pro/pro/fields/class-acf-field-flexible-content.php on line 1088
[08-Jun-2022 11:09:07 UTC] PHP Deprecated:  Required parameter $post_id follows optional parameter $i in /Applications/XAMPP/xamppfiles/htdocs/Wordpress_Demo/demo_wordpress/wp-content/plugins/advanced-custom-fields-pro/pro/fields/class-acf-field-flexible-content.php on line 1088
[08-Jun-2022 11:09:07 UTC] PHP Deprecated:  Required parameter $field follows optional parameter $i in /Applications/XAMPP/xamppfiles/htdocs/Wordpress_Demo/demo_wordpress/wp-content/plugins/advanced-custom-fields-pro/pro/fields/class-acf-field-flexible-content.php on line 1140
[08-Jun-2022 11:09:07 UTC] PHP Deprecated:  Required parameter $post_id follows optional parameter $i in /Applications/XAMPP/xamppfiles/htdocs/Wordpress_Demo/demo_wordpress/wp-content/plugins/advanced-custom-fields-pro/pro/fields/class-acf-field-flexible-content.php on line 1140
[08-Jun-2022 11:09:07 UTC] PHP Deprecated:  Required parameter $field follows optional parameter $id in /Applications/XAMPP/xamppfiles/htdocs/Wordpress_Demo/demo_wordpress/wp-content/plugins/advanced-custom-fields-pro/pro/fields/class-acf-field-gallery.php on line 300
[08-Jun-2022 11:09:07 UTC] PHP Fatal error:  Uncaught TypeError: ftp_mkdir(): Argument #1 ($ftp) must be of type resource, null given in /Applications/XAMPP/xamppfiles/htdocs/Wordpress_Demo/demo_wordpress/wp-admin/includes/class-wp-filesystem-ftpext.php:560
Stack trace:
#0 /Applications/XAMPP/xamppfiles/htdocs/Wordpress_Demo/demo_wordpress/wp-admin/includes/class-wp-filesystem-ftpext.php(560): ftp_mkdir(NULL, '/Applications/X...')
#1 /Applications/XAMPP/xamppfiles/htdocs/Wordpress_Demo/demo_wordpress/wp-content/themes/botiga/inc/classes/class-botiga-custom-css.php(1141): WP_Filesystem_FTPext->mkdir('/Applications/X...')
#2 /Applications/XAMPP/xamppfiles/htdocs/Wordpress_Demo/demo_wordpress/wp-content/themes/botiga/inc/classes/class-botiga-custom-css.php(1115): Botiga_Custom_CSS->update_custom_css_file()
#3 /Applications/XAMPP/xamppfiles/htdocs/Wordpress_Demo/demo_wordpress/wp-includes/class-wp-hook.php(307): Botiga_Custom_CSS->init('')
#4 /Applications/XAMPP/xamppfiles/htdocs/Wordpress_Demo/demo_wordpress/wp-includes/class-wp-hook.php(331): WP_Hook->apply_filters(NULL, Array)
#5 /Applications/XAMPP/xamppfiles/htdocs/Wordpress_Demo/demo_wordpress/wp-includes/plugin.php(474): WP_Hook->do_action(Array)
#6 /Applications/XAMPP/xamppfiles/htdocs/Wordpress_Demo/demo_wordpress/wp-settings.php(587): do_action('init')
#7 /Applications/XAMPP/xamppfiles/htdocs/Wordpress_Demo/demo_wordpress/wp-config.php(98): require_once('/Applications/X...')
#8 /Applications/XAMPP/xamppfiles/htdocs/Wordpress_Demo/demo_wordpress/wp-load.php(50): require_once('/Applications/X...')
#9 /Applications/XAMPP/xamppfiles/htdocs/Wordpress_Demo/demo_wordpress/wp-blog-header.php(13): require_once('/Applications/X...')
#10 /Applications/XAMPP/xamppfiles/htdocs/Wordpress_Demo/demo_wordpress/index.php(17): require('/Applications/X...')
#11 {main}
  thrown in /Applications/XAMPP/xamppfiles/htdocs/Wordpress_Demo/demo_wordpress/wp-admin/includes/class-wp-filesystem-ftpext.php on line 560
